This is pdfTeX, Version 3.141592653-2.6-1.40.24 (TeX Live 2022) (preloaded format=pdflatex 2023.3.3)  23 MAY 2023 12:21
entering extended mode
 \write18 enabled.
 file:line:error style messages enabled.
 %&-line parsing enabled.
**"/Users/joanbalaguer/Desktop/TecnologiÃÅa MultimeÃÄdia/PuertosMallorca/doc/doc.tex"
(/Users/joanbalaguer/Desktop/TecnologiÃÅa MultimeÃÄdia/PuertosMallorca/doc/doc.tex
LaTeX2e <2021-11-15> patch level 1
L3 programming layer <2022-02-24> (/usr/local/texlive/2022/texmf-dist/tex/latex/base/article.cls
Document Class: article 2021/10/04 v1.4n Standard LaTeX document class
(/usr/local/texlive/2022/texmf-dist/tex/latex/base/size10.clo
File: size10.clo 2021/10/04 v1.4n Standard LaTeX file (size option)
)
\c@part=\count185
\c@section=\count186
\c@subsection=\count187
\c@subsubsection=\count188
\c@paragraph=\count189
\c@subparagraph=\count190
\c@figure=\count191
\c@table=\count192
\abovecaptionskip=\skip47
\belowcaptionskip=\skip48
\bibindent=\dimen138
) (/usr/local/texlive/2022/texmf-dist/tex/latex/graphics/graphicx.sty
Package: graphicx 2021/09/16 v1.2d Enhanced LaTeX Graphics (DPC,SPQR)
 (/usr/local/texlive/2022/texmf-dist/tex/latex/graphics/keyval.sty
Package: keyval 2014/10/28 v1.15 key=value parser (DPC)
\KV@toks@=\toks16
) (/usr/local/texlive/2022/texmf-dist/tex/latex/graphics/graphics.sty
Package: graphics 2021/03/04 v1.4d Standard LaTeX Graphics (DPC,SPQR)
 (/usr/local/texlive/2022/texmf-dist/tex/latex/graphics/trig.sty
Package: trig 2021/08/11 v1.11 sin cos tan (DPC)
) (/usr/local/texlive/2022/texmf-dist/tex/latex/graphics-cfg/graphics.cfg
File: graphics.cfg 2016/06/04 v1.11 sample graphics configuration
)
Package graphics Info: Driver file: pdftex.def on input line 107.
 (/usr/local/texlive/2022/texmf-dist/tex/latex/graphics-def/pdftex.def
File: pdftex.def 2020/10/05 v1.2a Graphics/color driver for pdftex
))
\Gin@req@height=\dimen139
\Gin@req@width=\dimen140
) (/usr/local/texlive/2022/texmf-dist/tex/latex/tools/layout.sty
Package: layout 2021-03-10 v1.2e Show layout parameters
\oneinch=\count193
\cnt@paperwidth=\count194
\cnt@paperheight=\count195
\cnt@hoffset=\count196
\cnt@voffset=\count197
\cnt@textheight=\count198
\cnt@textwidth=\count199
\cnt@topmargin=\count266
\cnt@oddsidemargin=\count267
\cnt@evensidemargin=\count268
\cnt@headheight=\count269
\cnt@headsep=\count270
\cnt@marginparsep=\count271
\cnt@marginparwidth=\count272
\cnt@marginparpush=\count273
\cnt@footskip=\count274
\fheight=\count275
\ref@top=\count276
\ref@hoffset=\count277
\ref@voffset=\count278
\ref@head=\count279
\ref@body=\count280
\ref@foot=\count281
\ref@margin=\count282
\ref@marginwidth=\count283
\ref@marginpar=\count284
\Interval=\count285
\ExtraYPos=\count286
\PositionX=\count287
\PositionY=\count288
\ArrowLength=\count289
) (/usr/local/texlive/2022/texmf-dist/tex/latex/geometry/geometry.sty
Package: geometry 2020/01/02 v5.9 Page Geometry
 (/usr/local/texlive/2022/texmf-dist/tex/generic/iftex/ifvtex.sty
Package: ifvtex 2019/10/25 v1.7 ifvtex legacy package. Use iftex instead.
 (/usr/local/texlive/2022/texmf-dist/tex/generic/iftex/iftex.sty
Package: iftex 2022/02/03 v1.0f TeX engine tests
))
\Gm@cnth=\count290
\Gm@cntv=\count291
\c@Gm@tempcnt=\count292
\Gm@bindingoffset=\dimen141
\Gm@wd@mp=\dimen142
\Gm@odd@mp=\dimen143
\Gm@even@mp=\dimen144
\Gm@layoutwidth=\dimen145
\Gm@layoutheight=\dimen146
\Gm@layouthoffset=\dimen147
\Gm@layoutvoffset=\dimen148
\Gm@dimlist=\toks17
) (/usr/local/texlive/2022/texmf-dist/tex/latex/hyperref/hyperref.sty
Package: hyperref 2022-02-21 v7.00n Hypertext links for LaTeX
 (/usr/local/texlive/2022/texmf-dist/tex/generic/ltxcmds/ltxcmds.sty
Package: ltxcmds 2020-05-10 v1.25 LaTeX kernel commands for general use (HO)
) (/usr/local/texlive/2022/texmf-dist/tex/generic/pdftexcmds/pdftexcmds.sty
Package: pdftexcmds 2020-06-27 v0.33 Utility functions of pdfTeX for LuaTeX (HO)
 (/usr/local/texlive/2022/texmf-dist/tex/generic/infwarerr/infwarerr.sty
Package: infwarerr 2019/12/03 v1.5 Providing info/warning/error messages (HO)
)
Package pdftexcmds Info: \pdf@primitive is available.
Package pdftexcmds Info: \pdf@ifprimitive is available.
Package pdftexcmds Info: \pdfdraftmode found.
) (/usr/local/texlive/2022/texmf-dist/tex/generic/kvsetkeys/kvsetkeys.sty
Package: kvsetkeys 2019/12/15 v1.18 Key value parser (HO)
) (/usr/local/texlive/2022/texmf-dist/tex/generic/kvdefinekeys/kvdefinekeys.sty
Package: kvdefinekeys 2019-12-19 v1.6 Define keys (HO)
) (/usr/local/texlive/2022/texmf-dist/tex/generic/pdfescape/pdfescape.sty
Package: pdfescape 2019/12/09 v1.15 Implements pdfTeX's escape features (HO)
) (/usr/local/texlive/2022/texmf-dist/tex/latex/hycolor/hycolor.sty
Package: hycolor 2020-01-27 v1.10 Color options for hyperref/bookmark (HO)
) (/usr/local/texlive/2022/texmf-dist/tex/latex/letltxmacro/letltxmacro.sty
Package: letltxmacro 2019/12/03 v1.6 Let assignment for LaTeX macros (HO)
) (/usr/local/texlive/2022/texmf-dist/tex/latex/auxhook/auxhook.sty
Package: auxhook 2019-12-17 v1.6 Hooks for auxiliary files (HO)
) (/usr/local/texlive/2022/texmf-dist/tex/latex/kvoptions/kvoptions.sty
Package: kvoptions 2020-10-07 v3.14 Key value format for package options (HO)
)
\@linkdim=\dimen149
\Hy@linkcounter=\count293
\Hy@pagecounter=\count294
 (/usr/local/texlive/2022/texmf-dist/tex/latex/hyperref/pd1enc.def
File: pd1enc.def 2022-02-21 v7.00n Hyperref: PDFDocEncoding definition (HO)
Now handling font encoding PD1 ...
... no UTF-8 mapping file for font encoding PD1
) (/usr/local/texlive/2022/texmf-dist/tex/generic/intcalc/intcalc.sty
Package: intcalc 2019/12/15 v1.3 Expandable calculations with integers (HO)
) (/usr/local/texlive/2022/texmf-dist/tex/generic/etexcmds/etexcmds.sty
Package: etexcmds 2019/12/15 v1.7 Avoid name clashes with e-TeX commands (HO)
)
\Hy@SavedSpaceFactor=\count295
 (/usr/local/texlive/2022/texmf-dist/tex/latex/hyperref/puenc.def
File: puenc.def 2022-02-21 v7.00n Hyperref: PDF Unicode definition (HO)
Now handling font encoding PU ...
... no UTF-8 mapping file for font encoding PU
)
Package hyperref Info: Option `colorlinks' set `true' on input line 4018.
Package hyperref Info: Hyper figures OFF on input line 4137.
Package hyperref Info: Link nesting OFF on input line 4142.
Package hyperref Info: Hyper index ON on input line 4145.
Package hyperref Info: Plain pages OFF on input line 4152.
Package hyperref Info: Backreferencing OFF on input line 4157.
Package hyperref Info: Implicit mode ON; LaTeX internals redefined.
Package hyperref Info: Bookmarks ON on input line 4390.
\c@Hy@tempcnt=\count296
 (/usr/local/texlive/2022/texmf-dist/tex/latex/url/url.sty
\Urlmuskip=\muskip16
Package: url 2013/09/16  ver 3.4  Verb mode for urls, etc.
)
LaTeX Info: Redefining \url on input line 4749.
\XeTeXLinkMargin=\dimen150
 (/usr/local/texlive/2022/texmf-dist/tex/generic/bitset/bitset.sty
Package: bitset 2019/12/09 v1.3 Handle bit-vector datatype (HO)
 (/usr/local/texlive/2022/texmf-dist/tex/generic/bigintcalc/bigintcalc.sty
Package: bigintcalc 2019/12/15 v1.5 Expandable calculations on big integers (HO)
))
\Fld@menulength=\count297
\Field@Width=\dimen151
\Fld@charsize=\dimen152
Package hyperref Info: Hyper figures OFF on input line 6027.
Package hyperref Info: Link nesting OFF on input line 6032.
Package hyperref Info: Hyper index ON on input line 6035.
Package hyperref Info: backreferencing OFF on input line 6042.
Package hyperref Info: Link coloring ON on input line 6045.
Package hyperref Info: Link coloring with OCG OFF on input line 6052.
Package hyperref Info: PDF/A mode OFF on input line 6057.
LaTeX Info: Redefining \ref on input line 6097.
LaTeX Info: Redefining \pageref on input line 6101.
 (/usr/local/texlive/2022/texmf-dist/tex/latex/base/atbegshi-ltx.sty
Package: atbegshi-ltx 2021/01/10 v1.0c Emulation of the original atbegshi
package with kernel methods
)
\Hy@abspage=\count298
\c@Item=\count299
\c@Hfootnote=\count300
)
Package hyperref Info: Driver (autodetected): hpdftex.
 (/usr/local/texlive/2022/texmf-dist/tex/latex/hyperref/hpdftex.def
File: hpdftex.def 2022-02-21 v7.00n Hyperref driver for pdfTeX
 (/usr/local/texlive/2022/texmf-dist/tex/latex/base/atveryend-ltx.sty
Package: atveryend-ltx 2020/08/19 v1.0a Emulation of the original atveryend package
with kernel methods
)
\Fld@listcount=\count301
\c@bookmark@seq@number=\count302
 (/usr/local/texlive/2022/texmf-dist/tex/latex/rerunfilecheck/rerunfilecheck.sty
Package: rerunfilecheck 2019/12/05 v1.9 Rerun checks for auxiliary files (HO)
 (/usr/local/texlive/2022/texmf-dist/tex/generic/uniquecounter/uniquecounter.sty
Package: uniquecounter 2019/12/15 v1.4 Provide unlimited unique counter (HO)
)
Package uniquecounter Info: New unique counter `rerunfilecheck' on input line 286.
)
\Hy@SectionHShift=\skip49
) (/usr/local/texlive/2022/texmf-dist/tex/generic/babel/babel.sty
Package: babel 2022/02/26 3.73 The Babel package
\babel@savecnt=\count303
\U@D=\dimen153
\l@unhyphenated=\language87
 (/usr/local/texlive/2022/texmf-dist/tex/generic/babel/txtbabel.def)
\bbl@readstream=\read2
\bbl@dirlevel=\count304
 (/usr/local/texlive/2022/texmf-dist/tex/generic/babel-catalan/catalan.ldf
Language: catalan 2005/03/29 v2.2p Catalan support from the babel system
Package babel Info: Making " an active character on input line 91.
Warning: You are using encoding OT1 instead of T1.
Some word breaks will not be found.
\leftllkern=\dimen154
\rightllkern=\dimen155
\raiselldim=\dimen156
)) (/usr/local/texlive/2022/texmf-dist/tex/latex/minted/minted.sty
Package: minted 2021/12/24 v2.6 Yet another Pygments shim for LaTeX
 (/usr/local/texlive/2022/texmf-dist/tex/latex/fvextra/fvextra.sty
Package: fvextra 2019/02/04 v1.4 fvextra - extensions and patches for fancyvrb
 (/usr/local/texlive/2022/texmf-dist/tex/latex/base/ifthen.sty
Package: ifthen 2020/11/24 v1.1c Standard LaTeX ifthen package (DPC)
) (/usr/local/texlive/2022/texmf-dist/tex/latex/etoolbox/etoolbox.sty
Package: etoolbox 2020/10/05 v2.5k e-TeX tools for LaTeX (JAW)
\etb@tempcnta=\count305
) (/usr/local/texlive/2022/texmf-dist/tex/latex/fancyvrb/fancyvrb.sty
Package: fancyvrb 2021/12/21 4.1b verbatim text (tvz,hv)
\FV@CodeLineNo=\count306
\FV@InFile=\read3
\FV@TabBox=\box50
\c@FancyVerbLine=\count307
\FV@StepNumber=\count308
\FV@OutFile=\write3
) (/usr/local/texlive/2022/texmf-dist/tex/latex/upquote/upquote.sty
Package: upquote 2012/04/19 v1.3 upright-quote and grave-accent glyphs in verbatim
) (/usr/local/texlive/2022/texmf-dist/tex/latex/lineno/lineno.sty
Package: lineno 2005/11/02 line numbers on paragraphs v4.41
\linenopenalty=\count309
\output=\toks18
\linenoprevgraf=\count310
\linenumbersep=\dimen157
\linenumberwidth=\dimen158
\c@linenumber=\count311
\c@pagewiselinenumber=\count312
\c@LN@truepage=\count313
\c@internallinenumber=\count314
\c@internallinenumbers=\count315
\quotelinenumbersep=\dimen159
\bframerule=\dimen160
\bframesep=\dimen161
\bframebox=\box51
LaTeX Info: Redefining \\ on input line 3056.
)
\c@FV@TrueTabGroupLevel=\count316
\c@FV@TrueTabCounter=\count317
\FV@TabBox@Group=\box52
\FV@TmpLength=\skip50
\c@FV@HighlightLinesStart=\count318
\c@FV@HighlightLinesStop=\count319
\FV@LoopCount=\count320
\FV@NCharsBox=\box53
\FV@BreakIndent=\dimen162
\FV@BreakIndentNChars=\count321
\FV@BreakSymbolSepLeft=\dimen163
\FV@BreakSymbolSepLeftNChars=\count322
\FV@BreakSymbolSepRight=\dimen164
\FV@BreakSymbolSepRightNChars=\count323
\FV@BreakSymbolIndentLeft=\dimen165
\FV@BreakSymbolIndentLeftNChars=\count324
\FV@BreakSymbolIndentRight=\dimen166
\FV@BreakSymbolIndentRightNChars=\count325
\c@FancyVerbLineBreakLast=\count326
\FV@LineBox=\box54
\FV@LineIndentBox=\box55
\FV@LineWidth=\dimen167
) (/usr/local/texlive/2022/texmf-dist/tex/latex/tools/calc.sty
Package: calc 2017/05/25 v4.3 Infix arithmetic (KKT,FJ)
\calc@Acount=\count327
\calc@Bcount=\count328
\calc@Adimen=\dimen168
\calc@Bdimen=\dimen169
\calc@Askip=\skip51
\calc@Bskip=\skip52
LaTeX Info: Redefining \setlength on input line 80.
LaTeX Info: Redefining \addtolength on input line 81.
\calc@Ccount=\count329
\calc@Cskip=\skip53
) (/usr/local/texlive/2022/texmf-dist/tex/latex/tools/shellesc.sty
Package: shellesc 2019/11/08 v1.0c unified shell escape interface for LaTeX
Package shellesc Info: Unrestricted shell escape enabled on input line 75.
) (/usr/local/texlive/2022/texmf-dist/tex/latex/ifplatform/ifplatform.sty
Package: ifplatform 2017/10/13 v0.4a Testing for the operating system
 (/usr/local/texlive/2022/texmf-dist/tex/generic/catchfile/catchfile.sty
Package: catchfile 2019/12/09 v1.8 Catch the contents of a file (HO)
) (/usr/local/texlive/2022/texmf-dist/tex/generic/iftex/ifluatex.sty
Package: ifluatex 2019/10/25 v1.5 ifluatex legacy package. Use iftex instead.
)
runsystem(uname -s > "doc.w18")...executed.

 (./doc.w18)
runsystem(rm -- "doc.w18")...executed.

) (/usr/local/texlive/2022/texmf-dist/tex/generic/xstring/xstring.sty (/usr/local/texlive/2022/texmf-dist/tex/generic/xstring/xstring.tex
\integerpart=\count330
\decimalpart=\count331
)
Package: xstring 2021/07/21 v1.84 String manipulations (CT)
) (/usr/local/texlive/2022/texmf-dist/tex/latex/framed/framed.sty
Package: framed 2011/10/22 v 0.96: framed or shaded text with page breaks
\OuterFrameSep=\skip54
\fb@frw=\dimen170
\fb@frh=\dimen171
\FrameRule=\dimen172
\FrameSep=\dimen173
) (/usr/local/texlive/2022/texmf-dist/tex/latex/float/float.sty
Package: float 2001/11/08 v1.3d Float enhancements (AL)
\c@float@type=\count332
\float@exts=\toks19
\float@box=\box56
\@float@everytoks=\toks20
\@floatcapt=\box57
)
\minted@appexistsfile=\read4
\minted@bgbox=\box58
\minted@code=\write4
\c@minted@FancyVerbLineTemp=\count333
\c@minted@pygmentizecounter=\count334
\@float@every@listing=\toks21
\c@listing=\count335
)
runsystem(mkdir -p _minted-doc)...executed.

 (/usr/local/texlive/2022/texmf-dist/tex/latex/xcolor/xcolor.sty
Package: xcolor 2021/10/31 v2.13 LaTeX color extensions (UK)
 (/usr/local/texlive/2022/texmf-dist/tex/latex/graphics-cfg/color.cfg
File: color.cfg 2016/01/02 v1.6 sample color configuration
)
Package xcolor Info: Driver file: pdftex.def on input line 227.
 (/usr/local/texlive/2022/texmf-dist/tex/latex/colortbl/colortbl.sty
Package: colortbl 2020/01/04 v1.0e Color table columns (DPC)
 (/usr/local/texlive/2022/texmf-dist/tex/latex/tools/array.sty
Package: array 2021/10/04 v2.5f Tabular extension package (FMi)
\col@sep=\dimen174
\ar@mcellbox=\box59
\extrarowheight=\dimen175
\NC@list=\toks22
\extratabsurround=\skip55
\backup@length=\skip56
\ar@cellbox=\box60
)
\everycr=\toks23
\minrowclearance=\skip57
)
\rownum=\count336
Package xcolor Info: Model `cmy' substituted by `cmy0' on input line 1352.
Package xcolor Info: Model `hsb' substituted by `rgb' on input line 1356.
Package xcolor Info: Model `RGB' extended on input line 1368.
Package xcolor Info: Model `HTML' substituted by `rgb' on input line 1370.
Package xcolor Info: Model `Hsb' substituted by `hsb' on input line 1371.
Package xcolor Info: Model `tHsb' substituted by `hsb' on input line 1372.
Package xcolor Info: Model `HSB' substituted by `hsb' on input line 1373.
Package xcolor Info: Model `Gray' substituted by `gray' on input line 1374.
Package xcolor Info: Model `wave' substituted by `hsb' on input line 1375.
) (/usr/local/texlive/2022/texmf-dist/tex/latex/enumitem/enumitem.sty
Package: enumitem 2019/06/20 v3.9 Customized lists
\labelindent=\skip58
\enit@outerparindent=\dimen176
\enit@toks=\toks24
\enit@inbox=\box61
\enit@count@id=\count337
\enitdp@description=\count338
) (/usr/local/texlive/2022/texmf-dist/tex/latex/base/fontenc.sty
Package: fontenc 2021/04/29 v2.0v Standard LaTeX package
) (/usr/local/texlive/2022/texmf-dist/tex/latex/setspace/setspace.sty
Package: setspace 2011/12/19 v6.7a set line spacing
) (/usr/local/texlive/2022/texmf-dist/tex/latex/amsmath/amsmath.sty
Package: amsmath 2021/10/15 v2.17l AMS math features
\@mathmargin=\skip59

For additional information on amsmath, use the `?' option.
(/usr/local/texlive/2022/texmf-dist/tex/latex/amsmath/amstext.sty
Package: amstext 2021/08/26 v2.01 AMS text
 (/usr/local/texlive/2022/texmf-dist/tex/latex/amsmath/amsgen.sty
File: amsgen.sty 1999/11/30 v2.0 generic functions
\@emptytoks=\toks25
\ex@=\dimen177
)) (/usr/local/texlive/2022/texmf-dist/tex/latex/amsmath/amsbsy.sty
Package: amsbsy 1999/11/29 v1.2d Bold Symbols
\pmbraise@=\dimen178
) (/usr/local/texlive/2022/texmf-dist/tex/latex/amsmath/amsopn.sty
Package: amsopn 2021/08/26 v2.02 operator names
)
\inf@bad=\count339
LaTeX Info: Redefining \frac on input line 234.
\uproot@=\count340
\leftroot@=\count341
LaTeX Info: Redefining \overline on input line 399.
\classnum@=\count342
\DOTSCASE@=\count343
LaTeX Info: Redefining \ldots on input line 496.
LaTeX Info: Redefining \dots on input line 499.
LaTeX Info: Redefining \cdots on input line 620.
\Mathstrutbox@=\box62
\strutbox@=\box63
\big@size=\dimen179
LaTeX Font Info:    Redeclaring font encoding OML on input line 743.
LaTeX Font Info:    Redeclaring font encoding OMS on input line 744.
\macc@depth=\count344
\c@MaxMatrixCols=\count345
\dotsspace@=\muskip17
\c@parentequation=\count346
\dspbrk@lvl=\count347
\tag@help=\toks26
\row@=\count348
\column@=\count349
\maxfields@=\count350
\andhelp@=\toks27
\eqnshift@=\dimen180
\alignsep@=\dimen181
\tagshift@=\dimen182
\tagwidth@=\dimen183
\totwidth@=\dimen184
\lineht@=\dimen185
\@envbody=\toks28
\multlinegap=\skip60
\multlinetaggap=\skip61
\mathdisplay@stack=\toks29
LaTeX Info: Redefining \[ on input line 2938.
LaTeX Info: Redefining \] on input line 2939.
) (/usr/local/texlive/2022/texmf-dist/tex/latex/lipsum/lipsum.sty (/usr/local/texlive/2022/texmf-dist/tex/latex/l3packages/l3keys2e/l3keys2e.sty (/usr/local/texlive/2022/texmf-dist/tex/latex/l3kernel/expl3.sty
Package: expl3 2022-02-24 L3 programming layer (loader) 
 (/usr/local/texlive/2022/texmf-dist/tex/latex/l3backend/l3backend-pdftex.def
File: l3backend-pdftex.def 2022-02-07 L3 backend support: PDF output (pdfTeX)
\l__color_backend_stack_int=\count351
\l__pdf_internal_box=\box64
))
Package: l3keys2e 2022-01-12 LaTeX2e option processing using LaTeX3 keys
)
Package: lipsum 2021-09-20 v2.7 150 paragraphs of Lorem Ipsum dummy text
\g__lipsum_par_int=\count352
\l__lipsum_a_int=\count353
\l__lipsum_b_int=\count354
 (/usr/local/texlive/2022/texmf-dist/tex/latex/lipsum/lipsum.ltd.tex)) (/usr/local/texlive/2022/texmf-dist/tex/latex/subfig/subfig.sty
Package: subfig 2005/06/28 ver: 1.3 subfig package
 (/usr/local/texlive/2022/texmf-dist/tex/latex/caption/caption.sty
Package: caption 2022/03/01 v3.6b Customizing captions (AR)
 (/usr/local/texlive/2022/texmf-dist/tex/latex/caption/caption3.sty
Package: caption3 2022/03/17 v2.3b caption3 kernel (AR)
\caption@tempdima=\dimen186
\captionmargin=\dimen187
\caption@leftmargin=\dimen188
\caption@rightmargin=\dimen189
\caption@width=\dimen190
\caption@indent=\dimen191
\caption@parindent=\dimen192
\caption@hangindent=\dimen193
Package caption Info: Standard document class detected.
)
\c@caption@flags=\count355
\c@continuedfloat=\count356
Package caption Info: float package is loaded.
Package caption Info: hyperref package is loaded.
)
\c@KVtest=\count357
\sf@farskip=\skip62
\sf@captopadj=\dimen194
\sf@capskip=\skip63
\sf@nearskip=\skip64
\c@subfigure=\count358
\c@subfigure@save=\count359
\c@lofdepth=\count360
\c@subtable=\count361
\c@subtable@save=\count362
\c@lotdepth=\count363
\sf@top=\skip65
\sf@bottom=\skip66
) (/usr/local/texlive/2022/texmf-dist/tex/latex/base/textcomp.sty
Package: textcomp 2020/02/02 v2.0n Standard LaTeX package
)
runsystem(which pygmentize && touch doc.aex)...executed.

runsystem(rm doc.aex)...executed.

 (./doc.aux)
\openout1 = `doc.aux'.

LaTeX Font Info:    Checking defaults for OML/cmm/m/it on input line 28.
LaTeX Font Info:    ... okay on input line 28.
LaTeX Font Info:    Checking defaults for OMS/cmsy/m/n on input line 28.
LaTeX Font Info:    ... okay on input line 28.
LaTeX Font Info:    Checking defaults for OT1/cmr/m/n on input line 28.
LaTeX Font Info:    ... okay on input line 28.
LaTeX Font Info:    Checking defaults for T1/cmr/m/n on input line 28.
LaTeX Font Info:    ... okay on input line 28.
LaTeX Font Info:    Checking defaults for TS1/cmr/m/n on input line 28.
LaTeX Font Info:    ... okay on input line 28.
LaTeX Font Info:    Checking defaults for OMX/cmex/m/n on input line 28.
LaTeX Font Info:    ... okay on input line 28.
LaTeX Font Info:    Checking defaults for U/cmr/m/n on input line 28.
LaTeX Font Info:    ... okay on input line 28.
LaTeX Font Info:    Checking defaults for PD1/pdf/m/n on input line 28.
LaTeX Font Info:    ... okay on input line 28.
LaTeX Font Info:    Checking defaults for PU/pdf/m/n on input line 28.
LaTeX Font Info:    ... okay on input line 28.
 (/usr/local/texlive/2022/texmf-dist/tex/context/base/mkii/supp-pdf.mkii
[Loading MPS to PDF converter (version 2006.09.02).]
\scratchcounter=\count364
\scratchdimen=\dimen195
\scratchbox=\box65
\nofMPsegments=\count365
\nofMParguments=\count366
\everyMPshowfont=\toks30
\MPscratchCnt=\count367
\MPscratchDim=\dimen196
\MPnumerator=\count368
\makeMPintoPDFobject=\count369
\everyMPtoPDFconversion=\toks31
) (/usr/local/texlive/2022/texmf-dist/tex/latex/epstopdf-pkg/epstopdf-base.sty
Package: epstopdf-base 2020-01-24 v2.11 Base part for package epstopdf
Package epstopdf-base Info: Redefining graphics rule for `.eps' on input line 485.
 (/usr/local/texlive/2022/texmf-dist/tex/latex/latexconfig/epstopdf-sys.cfg
File: epstopdf-sys.cfg 2010/07/13 v1.3 Configuration of (r)epstopdf for TeX Live
))
*geometry* driver: auto-detecting
*geometry* detected driver: pdftex
*geometry* verbose mode - [ preamble ] result:
* driver: pdftex
* paper: a4paper
* layout: <same size as paper>
* layoutoffset:(h,v)=(0.0pt,0.0pt)
* modes: 
* h-part:(L,W,R)=(81.94394pt, 433.62pt, 81.94394pt)
* v-part:(T,H,B)=(77.84674pt, 650.43pt, 116.77011pt)
* \paperwidth=597.50787pt
* \paperheight=845.04684pt
* \textwidth=433.62pt
* \textheight=650.43pt
* \oddsidemargin=9.67395pt
* \evensidemargin=9.67395pt
* \topmargin=-31.42325pt
* \headheight=12.0pt
* \headsep=25.0pt
* \topskip=10.0pt
* \footskip=30.0pt
* \marginparwidth=65.0pt
* \marginparsep=11.0pt
* \columnsep=10.0pt
* \skip\footins=9.0pt plus 4.0pt minus 2.0pt
* \hoffset=0.0pt
* \voffset=0.0pt
* \mag=1000
* \@twocolumnfalse
* \@twosidefalse
* \@mparswitchfalse
* \@reversemarginfalse
* (1in=72.27pt=25.4mm, 1cm=28.453pt)

Package hyperref Info: Link coloring ON on input line 28.
(/usr/local/texlive/2022/texmf-dist/tex/latex/hyperref/nameref.sty
Package: nameref 2021-04-02 v2.47 Cross-referencing by name of section
 (/usr/local/texlive/2022/texmf-dist/tex/latex/refcount/refcount.sty
Package: refcount 2019/12/15 v3.6 Data extraction from label references (HO)
) (/usr/local/texlive/2022/texmf-dist/tex/generic/gettitlestring/gettitlestring.sty
Package: gettitlestring 2019/12/15 v1.6 Cleanup title references (HO)
)
\c@section@level=\count370
)
LaTeX Info: Redefining \ref on input line 28.
LaTeX Info: Redefining \pageref on input line 28.
LaTeX Info: Redefining \nameref on input line 28.
 (./doc.out) (./doc.out)
\@outlinefile=\write5
\openout5 = `doc.out'.

LaTeX Info: Redefining \l on input line 28.
LaTeX Info: Redefining \L on input line 28.
Package caption Info: Begin \AtBeginDocument code.
Package caption Info: subfig package v1.3 is loaded.
Package caption Info: End \AtBeginDocument code.
<images/uib.png, id=180, 560.8453pt x 361.35pt>
File: images/uib.png Graphic file (type png)
<use images/uib.png>
Package pdftex.def Info: images/uib.png  used on input line 33.
(pdftex.def)             Requested size: 325.215pt x 209.53352pt.
LaTeX Font Info:    Trying to load font information for T1+cmtt on input line 56.
 (/usr/local/texlive/2022/texmf-dist/tex/latex/base/t1cmtt.fd
File: t1cmtt.fd 2019/12/16 v2.5j Standard LaTeX font definitions
) [1

{/usr/local/texlive/2022/texmf-var/fonts/map/pdftex/updmap/pdftex.map} <./images/uib.png>] (./doc.toc)
\tf@toc=\write6
\openout6 = `doc.toc'.


pdfTeX warning (ext4): destination with the same identifier (name{page.1}) has been already used, duplicate ignored
<to be read again> 
                   \relax 
l.67 \newpage
              [1]
<images/nvbar.png, id=246, 1495.5875pt x 70.2625pt>
File: images/nvbar.png Graphic file (type png)
<use images/nvbar.png>
Package pdftex.def Info: images/nvbar.png  used on input line 86.
(pdftex.def)             Requested size: 411.93767pt x 19.3528pt.
 [2 <./images/nvbar.png>]
<images/carousel1.png, id=256, 1496.59125pt x 779.91376pt>
File: images/carousel1.png Graphic file (type png)
<use images/carousel1.png>
Package pdftex.def Info: images/carousel1.png  used on input line 93.
(pdftex.def)             Requested size: 130.08731pt x 67.7853pt.
<images/carousel2.png, id=257, 1498.59875pt x 781.92125pt>
File: images/carousel2.png Graphic file (type png)
<use images/carousel2.png>
Package pdftex.def Info: images/carousel2.png  used on input line 94.
(pdftex.def)             Requested size: 130.08731pt x 67.86433pt.
<images/carousel3.png, id=258, 1497.595pt x 784.9325pt>
File: images/carousel3.png Graphic file (type png)
<use images/carousel3.png>
Package pdftex.def Info: images/carousel3.png  used on input line 95.
(pdftex.def)             Requested size: 130.08731pt x 68.17358pt.
<images/introduccion.png, id=259, 1496.59125pt x 778.91pt>
File: images/introduccion.png Graphic file (type png)
<use images/introduccion.png>
Package pdftex.def Info: images/introduccion.png  used on input line 102.
(pdftex.def)             Requested size: 303.53267pt x 157.978pt.
<images/mapa.png, id=260, 1196.47pt x 609.27625pt>
File: images/mapa.png Graphic file (type png)
<use images/mapa.png>
Package pdftex.def Info: images/mapa.png  used on input line 108.
(pdftex.def)             Requested size: 325.215pt x 165.6038pt.
<images/filtros.png, id=261, 1341.01pt x 158.5925pt>
File: images/filtros.png Graphic file (type png)
<use images/filtros.png>
Package pdftex.def Info: images/filtros.png  used on input line 114.
(pdftex.def)             Requested size: 433.62pt x 51.28058pt.
<images/puertos.png, id=262, 1479.5275pt x 767.86874pt>
File: images/puertos.png Graphic file (type png)
<use images/puertos.png>
Package pdftex.def Info: images/puertos.png  used on input line 120.
(pdftex.def)             Requested size: 390.25534pt x 202.53519pt.
<images/footer.png, id=263, 1498.59875pt x 249.93375pt>
File: images/footer.png Graphic file (type png)
<use images/footer.png>
Package pdftex.def Info: images/footer.png  used on input line 126.
(pdftex.def)             Requested size: 390.25534pt x 65.0842pt.
 [3 <./images/carousel1.png> <./images/carousel2.png> <./images/carousel3.png> <./images/introduccion.png> <./images/mapa.png>] [4 <./images/filtros.png> <./images/puertos.png> <./images/footer.png>]
<images/tituloPuerto.png, id=287, 1498.59875pt x 226.8475pt>
File: images/tituloPuerto.png Graphic file (type png)
<use images/tituloPuerto.png>
Package pdftex.def Info: images/tituloPuerto.png  used on input line 136.
(pdftex.def)             Requested size: 303.53267pt x 45.94328pt.
<images/descVid.png, id=288, 1498.59875pt x 500.87125pt>
File: images/descVid.png Graphic file (type png)
<use images/descVid.png>
Package pdftex.def Info: images/descVid.png  used on input line 142.
(pdftex.def)             Requested size: 303.53267pt x 101.44115pt.
<images/caracteristicas.png, id=289, 829.0975pt x 523.9575pt>
File: images/caracteristicas.png Graphic file (type png)
<use images/caracteristicas.png>
Package pdftex.def Info: images/caracteristicas.png  used on input line 148.
(pdftex.def)             Requested size: 303.53267pt x 191.81453pt.
 [5 <./images/tituloPuerto.png> <./images/descVid.png> <./images/caracteristicas.png>]
<images/tiempo.png, id=300, 356.33125pt x 384.43625pt>
File: images/tiempo.png Graphic file (type png)
<use images/tiempo.png>
Package pdftex.def Info: images/tiempo.png  used on input line 155.
(pdftex.def)             Requested size: 130.08731pt x 140.34445pt.
<images/favs.png, id=301, 209.78375pt x 128.48pt>
File: images/favs.png Graphic file (type png)
<use images/favs.png>
Package pdftex.def Info: images/favs.png  used on input line 161.
(pdftex.def)             Requested size: 130.08731pt x 79.67049pt.
<images/galeriaImg.png, id=302, 1481.535pt x 694.595pt>
File: images/galeriaImg.png Graphic file (type png)
<use images/galeriaImg.png>
Package pdftex.def Info: images/galeriaImg.png  used on input line 167.
(pdftex.def)             Requested size: 260.17464pt x 121.96928pt.
<images/puertosCercanos.png, id=303, 1476.51625pt x 511.9125pt>
File: images/puertosCercanos.png Graphic file (type png)
<use images/puertosCercanos.png>
Package pdftex.def Info: images/puertosCercanos.png  used on input line 173.
(pdftex.def)             Requested size: 238.49231pt x 82.68097pt.
<images/resCafcercanas.png, id=304, 1105.12875pt x 571.13374pt>
File: images/resCafcercanas.png Graphic file (type png)
<use images/resCafcercanas.png>
Package pdftex.def Info: images/resCafcercanas.png  used on input line 174.
(pdftex.def)             Requested size: 173.44534pt x 89.63159pt.
 [6 <./images/tiempo.png> <./images/favs.png> <./images/galeriaImg.png>]
<images/contacto.png, id=316, 739.76375pt x 548.0475pt>
File: images/contacto.png Graphic file (type png)
<use images/contacto.png>
Package pdftex.def Info: images/contacto.png  used on input line 187.
(pdftex.def)             Requested size: 216.81pt x 160.61893pt.
 [7 <./images/puertosCercanos.png> <./images/resCafcercanas.png> <./images/contacto.png>] [8]
\openout3 = `doc.pyg'.

 (./_minted-doc/monokai.pygstyle) (./_minted-doc/6AB89AA468E69512FBDCE69AE6E15706F1E2C01E288BEE4DC9E50A2765D6BD61.pygtex)
\openout3 = `doc.pyg'.

 (./_minted-doc/2F756F6555BBE213D2CB37E11788BB25F1E2C01E288BEE4DC9E50A2765D6BD61.pygtex) [9]
Underfull \hbox (badness 10000) in paragraph at lines 315--316

 []

[10]
Underfull \hbox (badness 10000) in paragraph at lines 317--318

 []


Underfull \hbox (badness 10000) in paragraph at lines 319--320

 []

\openout3 = `doc.pyg'.

(./_minted-doc/332B7F7891E49A000F46CD0A1CD32DAEF1E2C01E288BEE4DC9E50A2765D6BD61.pygtex) [11]
Underfull \hbox (badness 10000) in paragraph at lines 392--393

 []


Underfull \hbox (badness 10000) in paragraph at lines 394--395

 []

\openout3 = `doc.pyg'.

[12] (./_minted-doc/C86E32A41ED50884F109341D6B311962F1E2C01E288BEE4DC9E50A2765D6BD61.pygtex)
Underfull \hbox (badness 10000) in paragraph at lines 409--410

 []


Underfull \hbox (badness 10000) in paragraph at lines 411--412

 []


Underfull \hbox (badness 10000) in paragraph at lines 413--414

 []

\openout3 = `doc.pyg'.

(./_minted-doc/02D805CAF905304AAD98CB36A224F414F1E2C01E288BEE4DC9E50A2765D6BD61.pygtex) [13]
Underfull \hbox (badness 10000) in paragraph at lines 489--490

 []

[14]
Underfull \hbox (badness 10000) in paragraph at lines 491--492

 []


Underfull \hbox (badness 10000) in paragraph at lines 502--503

 []

\openout3 = `doc.pyg'.

(./_minted-doc/4CAC7A788E7EBD0262B5FE82781FABEEF1E2C01E288BEE4DC9E50A2765D6BD61.pygtex)
Underfull \hbox (badness 10000) in paragraph at lines 514--515

 []


Underfull \hbox (badness 10000) in paragraph at lines 516--517

 []


Underfull \hbox (badness 10000) in paragraph at lines 518--519

 []

\openout3 = `doc.pyg'.

[15] (./_minted-doc/23C7712AADFFC76CCD17C90DA61351F7F1E2C01E288BEE4DC9E50A2765D6BD61.pygtex) [16]
Underfull \hbox (badness 10000) in paragraph at lines 598--599

 []

\openout3 = `doc.pyg'.

(./_minted-doc/710B54BAC2302CB723AC71931D208086F1E2C01E288BEE4DC9E50A2765D6BD61.pygtex)
Underfull \hbox (badness 10000) in paragraph at lines 611--612

 []

[17]
\openout3 = `doc.pyg'.

 (./_minted-doc/F68F0A9EC3D3149DA95A4EB9B877526CF1E2C01E288BEE4DC9E50A2765D6BD61.pygtex)
Underfull \hbox (badness 10000) in paragraph at lines 635--636

 []


Overfull \hbox (2.93896pt too wide) in paragraph at lines 637--638
\T1/cmtt/m/n/10 <div id=Áar-tiempoÁlass=Áontainer-fluid^^T\T1/cmr/m/n/10 : Es-te es un con-te-ne-dor \T1/cmtt/m/n/10 <div> \T1/cmr/m/n/10 con un ID \T1/cmtt/m/n/10 car-tiempo
 []


Underfull \hbox (badness 10000) in paragraph at lines 637--638

 []


Underfull \hbox (badness 10000) in paragraph at lines 639--640

 []


Overfull \hbox (12.27112pt too wide) in paragraph at lines 641--642
\T1/cmtt/m/n/10 <div class=Áol-md-8 mb-4"data-aos="fade-right"aos-duration="1000"aos-delay="1500^^T\T1/cmr/m/n/10 : Es-
 []


Underfull \hbox (badness 10000) in paragraph at lines 641--642

 []


Underfull \hbox (badness 10000) in paragraph at lines 643--644

 []


Underfull \hbox (badness 10000) in paragraph at lines 645--646

 []

[18]
\openout3 = `doc.pyg'.

 (./_minted-doc/90DD1BDA60F2260E7AB09F3262A5B1F3F1E2C01E288BEE4DC9E50A2765D6BD61.pygtex) [19]
Underfull \vbox (badness 10000) detected at line 784
 []


Underfull \vbox (badness 10000) detected at line 784
 []

[20]
Underfull \hbox (badness 10000) in paragraph at lines 790--791

 []

\openout3 = `doc.pyg'.

[21] (./_minted-doc/0CDFD240454A27903533BD61CCB05F46F1E2C01E288BEE4DC9E50A2765D6BD61.pygtex)
Underfull \hbox (badness 10000) in paragraph at lines 806--807

 []


Underfull \hbox (badness 10000) in paragraph at lines 808--809

 []

\openout3 = `doc.pyg'.

(./_minted-doc/769DB5744B078C5CAE4762EF11BF5C0BF1E2C01E288BEE4DC9E50A2765D6BD61.pygtex)
\openout3 = `doc.pyg'.

 (./_minted-doc/4F905BB5C213D24E01823FEE97FBFEDCF1E2C01E288BEE4DC9E50A2765D6BD61.pygtex)
Underfull \hbox (badness 10000) in paragraph at lines 833--834

 []

[22]
\openout3 = `doc.pyg'.

 (./_minted-doc/8C162263B33B5E19953DDE8861604314F1E2C01E288BEE4DC9E50A2765D6BD61.pygtex)
Underfull \hbox (badness 10000) in paragraph at lines 847--848

 []

[23]
Overfull \hbox (12.28262pt too wide) in paragraph at lines 870--871
[]\T1/cmtt/m/n/10 <input type="textÁlass="form-controlÔd="firstName"placeholder="Escriu el teu
 []


Overfull \hbox (28.02878pt too wide) in paragraph at lines 872--873
[]\T1/cmtt/m/n/10 <button type="submitÁlass="btn btn-primary"...onclick= "sendEmail(event)^^T Envia
 []

\openout3 = `doc.pyg'.

(./_minted-doc/D7B5FA1C05910D0CEE0870A0DCAE52C6F1E2C01E288BEE4DC9E50A2765D6BD61.pygtex) [24]
Underfull \hbox (badness 10000) in paragraph at lines 954--955

 []

[25]
\openout3 = `doc.pyg'.

 (./_minted-doc/F065579C6344F3B4855C49D1598DE992CC6D29D46F91C4051F35DFF8F64982C7.pygtex
LaTeX Font Info:    Trying to load font information for TS1+cmtt on input line 3.
 (/usr/local/texlive/2022/texmf-dist/tex/latex/base/ts1cmtt.fd
File: ts1cmtt.fd 2019/12/16 v2.5j Standard LaTeX font definitions
))
LaTeX Font Info:    Font shape `T1/cmtt/bx/n' in size <10> not available
(Font)              Font shape `T1/cmtt/m/n' tried instead on input line 969.

Overfull \hbox (6.69528pt too wide) in paragraph at lines 969--970
[]\T1/cmtt/m/n/10 updatePorts(ports)\T1/cmr/m/n/10 : La fun-ci-Ûn crea cu-a-tro ar-rays va-cÌ-os: \T1/cmtt/m/n/10 coordenadasLat\T1/cmr/m/n/10 , \T1/cmtt/m/n/10 coordenadasLon\T1/cmr/m/n/10 ,
 []

\openout3 = `doc.pyg'.

[26] (./_minted-doc/9CE3F2616343AB5EA4623A352A732B77CC6D29D46F91C4051F35DFF8F64982C7.pygtex)
Underfull \vbox (badness 10000) detected at line 1064
 []


Underfull \vbox (badness 10000) detected at line 1064
 []

[27] [28]
\openout3 = `doc.pyg'.

 (./_minted-doc/C7727C66CC017D3A041928CE4B4E780289AF8FC02D9DC8606A9E3EECA3289ACD.pygtex) [29]
\openout3 = `doc.pyg'.

 [30] (./_minted-doc/3AD987A43CEFF15E2BEA339FB0BE4548CC6D29D46F91C4051F35DFF8F64982C7.pygtex) [31] [32]
\openout3 = `doc.pyg'.

 (./_minted-doc/A7055DBEE09E0B1F0BBFD2115E3DB94CCC6D29D46F91C4051F35DFF8F64982C7.pygtex) [33]
Underfull \vbox (badness 10000) detected at line 1386
 []


Underfull \vbox (badness 10000) detected at line 1386
 []

[34]
Overfull \hbox (77.7759pt too wide) in paragraph at lines 1392--1393
[]\T1/cmtt/m/n/10 var latitudRest = restaurant.geo.latitude; \T1/cmr/m/n/10 y \T1/cmtt/m/n/10 var longitudRest = restaurant.geo.longitude;\T1/cmr/m/n/10 :
 []


Overfull \hbox (7.95035pt too wide) in paragraph at lines 1393--1394
[]\T1/cmtt/m/n/10 if((sacarDist(latitudPort, longitudPort,latitudRest,longitudRest) < 10))\T1/cmr/m/n/10 : Se
 []


Overfull \hbox (21.39151pt too wide) in paragraph at lines 1394--1395
\T1/cmr/m/n/10 en es-ta ite-ra-ci-Ûm en las lis-tas \T1/cmtt/m/n/10 coordenadasLatRestaurantes \T1/cmr/m/n/10 y \T1/cmtt/m/n/10 coordenadasLonRestaurantes
 []

\openout3 = `doc.pyg'.

(./_minted-doc/9B841253BF2D9599E6691BFC73EF0AED89AF8FC02D9DC8606A9E3EECA3289ACD.pygtex) [35]
\openout3 = `doc.pyg'.

 (./_minted-doc/E1D6FBF4909725D0AF6C78050C589C6D89AF8FC02D9DC8606A9E3EECA3289ACD.pygtex) [36]
\openout3 = `doc.pyg'.

 (./_minted-doc/0627EA51FEC0FFD28D848CF9B96D212ACC6D29D46F91C4051F35DFF8F64982C7.pygtex) [37]
\openout3 = `doc.pyg'.

 (./_minted-doc/1C166F4B35F51F9F8CD13243FCC07DBBCC6D29D46F91C4051F35DFF8F64982C7.pygtex) [38]
Underfull \vbox (badness 10000) detected at line 1611
 []


Underfull \vbox (badness 10000) detected at line 1611
 []

[39]
\openout3 = `doc.pyg'.

 (./_minted-doc/D7449A484CAD7ADD0C6661CB145BDA80CC6D29D46F91C4051F35DFF8F64982C7.pygtex) [40]
Underfull \hbox (badness 10000) in paragraph at lines 1661--1662

 []

\openout3 = `doc.pyg'.

[41] (./_minted-doc/E3CD0092997064338405BB31C1726D28F1E2C01E288BEE4DC9E50A2765D6BD61.pygtex) [42]
\openout3 = `doc.pyg'.

 (./_minted-doc/7F81B08B55D880A10B8DAD06C63703B7CC6D29D46F91C4051F35DFF8F64982C7.pygtex)
Underfull \hbox (badness 10000) in paragraph at lines 1729--1730

 []

\openout3 = `doc.pyg'.

(./_minted-doc/4C11B6CF97713D061F60D8C0E70727C6CC6D29D46F91C4051F35DFF8F64982C7.pygtex) [43]
\openout3 = `doc.pyg'.

 (./_minted-doc/74BFFE283B4D440E5EAC6EB29A45622ECC6D29D46F91C4051F35DFF8F64982C7.pygtex)
\openout3 = `doc.pyg'.

 (./_minted-doc/02809EDCBF7DD6599C84B0F9D45096CECC6D29D46F91C4051F35DFF8F64982C7.pygtex) [44]
Underfull \hbox (badness 10000) in paragraph at lines 1814--1815

 []


Underfull \hbox (badness 10000) in paragraph at lines 1816--1817

 []


Underfull \hbox (badness 10000) in paragraph at lines 1818--1819

 []


Underfull \hbox (badness 10000) in paragraph at lines 1820--1821

 []

[45]
\openout3 = `doc.pyg'.

 (./_minted-doc/2BCFDA2F44E2096F7077C4A80E26DBB489AF8FC02D9DC8606A9E3EECA3289ACD.pygtex)
Underfull \hbox (badness 10000) in paragraph at lines 1866--1867

 []

[46]
\openout3 = `doc.pyg'.

 (./_minted-doc/466600F81734C7EC1B635EAB431367F5F1E2C01E288BEE4DC9E50A2765D6BD61.pygtex)
\openout3 = `doc.pyg'.

 (./_minted-doc/6336B49968BD540339F69CEDF5943BD2CC6D29D46F91C4051F35DFF8F64982C7.pygtex)
\openout3 = `doc.pyg'.

 [47] (./_minted-doc/35BDA7A0C530CEEF7B03070A43127E95F1E2C01E288BEE4DC9E50A2765D6BD61.pygtex)
\openout3 = `doc.pyg'.

 (./_minted-doc/D29217172891D43355C7465648C855CFF1E2C01E288BEE4DC9E50A2765D6BD61.pygtex)
\openout3 = `doc.pyg'.

 (./_minted-doc/BCDB510C12D1C455F22238C7B78B6866F1E2C01E288BEE4DC9E50A2765D6BD61.pygtex)
Underfull \hbox (badness 10000) in paragraph at lines 1945--1946

 []

[48]
<images/Nibber.png, id=514, 973.6375pt x 682.55pt>
File: images/Nibber.png Graphic file (type png)
<use images/Nibber.png>
Package pdftex.def Info: images/Nibber.png  used on input line 1950.
(pdftex.def)             Requested size: 303.53267pt x 212.78603pt.
<images/accesibilidad.png, id=515, 344.28625pt x 352.31625pt>
File: images/accesibilidad.png Graphic file (type png)
<use images/accesibilidad.png>
Package pdftex.def Info: images/accesibilidad.png  used on input line 1958.
(pdftex.def)             Requested size: 130.08731pt x 133.11818pt.
 [49 <./images/Nibber.png> <./images/accesibilidad.png>]
<images/experiencia.png, id=524, 349.305pt x 439.6425pt>
File: images/experiencia.png Graphic file (type png)
<use images/experiencia.png>
Package pdftex.def Info: images/experiencia.png  used on input line 1967.
(pdftex.def)             Requested size: 130.08731pt x 163.73181pt.
 [50 <./images/experiencia.png>]
<images/marketing.png, id=531, 356.33125pt x 441.65pt>
File: images/marketing.png Graphic file (type png)
<use images/marketing.png>
Package pdftex.def Info: images/marketing.png  used on input line 1976.
(pdftex.def)             Requested size: 130.08731pt x 161.23123pt.
<images/tecnologia.png, id=532, 341.275pt x 436.63126pt>
File: images/tecnologia.png Graphic file (type png)
<use images/tecnologia.png>
Package pdftex.def Info: images/tecnologia.png  used on input line 1984.
(pdftex.def)             Requested size: 130.08731pt x 166.4346pt.
<images/rendimiento.png, id=533, 1002.74625pt x 331.2375pt>
File: images/rendimiento.png Graphic file (type png)
<use images/rendimiento.png>
Package pdftex.def Info: images/rendimiento.png  used on input line 1992.
(pdftex.def)             Requested size: 390.25534pt x 128.91422pt.
<images/rendimientoMobil.png, id=534, 1014.79124pt x 329.23pt>
File: images/rendimientoMobil.png Graphic file (type png)
<use images/rendimientoMobil.png>
Package pdftex.def Info: images/rendimientoMobil.png  used on input line 1997.
(pdftex.def)             Requested size: 390.25534pt x 126.61076pt.
 [51 <./images/marketing.png> <./images/tecnologia.png>]
<images/schema.png, id=543, 1498.59875pt x 854.19125pt>
File: images/schema.png Graphic file (type png)
<use images/schema.png>
Package pdftex.def Info: images/schema.png  used on input line 2005.
(pdftex.def)             Requested size: 303.53267pt x 172.99884pt.

Underfull \hbox (badness 10000) in paragraph at lines 2002--2009

 []

[52 <./images/rendimiento.png> <./images/rendimientoMobil.png>]
Underfull \hbox (badness 10000) in paragraph at lines 2011--2012

 []


Underfull \hbox (badness 10000) in paragraph at lines 2013--2014

 []


Underfull \hbox (badness 10000) in paragraph at lines 2015--2016

 []


Underfull \hbox (badness 10000) in paragraph at lines 2017--2018

 []

[53 <./images/schema.png>] (./doc.aux)
Package rerunfilecheck Info: File `doc.out' has not changed.
(rerunfilecheck)             Checksum: 09F290452C645F0A84999BEEF8AE348A;6126.
runsystem(rm doc.pyg)...executed.

 ) 
Here is how much of TeX's memory you used:
 17324 strings out of 478268
 314508 string characters out of 5846348
 767070 words of memory out of 5000000
 35030 multiletter control sequences out of 15000+600000
 479860 words of font info for 46 fonts, out of 8000000 for 9000
 1141 hyphenation exceptions out of 8191
 69i,7n,79p,1104b,712s stack positions out of 10000i,1000n,20000p,200000b,200000s
{/usr/local/texlive/2022/texmf-dist/fonts/enc/dvips/cm-super/cm-super-ts1.enc}{/usr/local/texlive/2022/texmf-dist/fonts/enc/dvips/cm-super/cm-super-t1.enc}</usr/local/texlive/2022/texmf-dist/fonts/type1/public/amsfonts/cm/cmex10.pfb></usr/local/texlive/2022/texmf-dist/fonts/type1/public/amsfonts/cm/cmmi10.pfb></usr/local/texlive/2022/texmf-dist/fonts/type1/public/amsfonts/cm/cmr10.pfb></usr/local/texlive/2022/texmf-dist/fonts/type1/public/amsfonts/cm/cmr7.pfb></usr/local/texlive/2022/texmf-dist/fonts/type1/public/amsfonts/cm/cmsy10.pfb></usr/local/texlive/2022/texmf-dist/fonts/type1/public/cm-super/sfbx1000.pfb></usr/local/texlive/2022/texmf-dist/fonts/type1/public/cm-super/sfbx1200.pfb></usr/local/texlive/2022/texmf-dist/fonts/type1/public/cm-super/sfbx1440.pfb></usr/local/texlive/2022/texmf-dist/fonts/type1/public/cm-super/sfbx2074.pfb></usr/local/texlive/2022/texmf-dist/fonts/type1/public/cm-super/sfcc1728.pfb></usr/local/texlive/2022/texmf-dist/fonts/type1/public/cm-super/sfrm1000.pfb></usr/local/texlive/2022/texmf-dist/fonts/type1/public/cm-super/sfrm1200.pfb></usr/local/texlive/2022/texmf-dist/fonts/type1/public/cm-super/sfrm1440.pfb></usr/local/texlive/2022/texmf-dist/fonts/type1/public/cm-super/sfti1000.pfb></usr/local/texlive/2022/texmf-dist/fonts/type1/public/cm-super/sftt1000.pfb>
Output written on doc.pdf (54 pages, 55272240 bytes).
PDF statistics:
 659 PDF objects out of 1000 (max. 8388607)
 511 compressed objects within 6 object streams
 124 named destinations out of 1000 (max. 500000)
 488 words of extra memory for PDF output out of 10000 (max. 10000000)

