\BOOKMARK [1][-]{section.1}{\376\377\000I\000n\000t\000r\000o\000d\000u\000c\000c\000i\000\363\000n}{}% 1
\BOOKMARK [1][-]{section.2}{\376\377\000U\000R\000L}{}% 2
\BOOKMARK [1][-]{section.3}{\376\377\000F\000u\000n\000c\000i\000o\000n\000a\000l\000i\000d\000a\000d\000e\000s\000\040\000d\000e\000\040\000l\000a\000\040\000W\000e\000b\000-\000A\000p\000p}{}% 3
\BOOKMARK [2][-]{subsection.3.1}{\376\377\000H\000o\000m\000e\000\040\000P\000a\000g\000e}{section.3}% 4
\BOOKMARK [2][-]{subsection.3.2}{\376\377\000P\000\341\000g\000i\000n\000a\000\040\000d\000e\000\040\000u\000n\000\040\000P\000u\000e\000r\000t\000o}{section.3}% 5
\BOOKMARK [2][-]{subsection.3.3}{\376\377\000P\000\341\000g\000i\000n\000a\000\040\000d\000e\000\040\000C\000o\000n\000t\000a\000c\000t\000o}{section.3}% 6
\BOOKMARK [1][-]{section.4}{\376\377\000E\000s\000t\000r\000u\000c\000t\000u\000r\000a\000\040\000d\000e\000\040\000D\000i\000r\000e\000c\000t\000o\000r\000i\000o\000s}{}% 7
\BOOKMARK [1][-]{section.5}{\376\377\000H\000e\000r\000r\000a\000m\000i\000e\000n\000t\000a\000s\000\040\000y\000\040\000L\000i\000b\000r\000e\000r\000i\000a\000s}{}% 8
\BOOKMARK [2][-]{subsection.5.1}{\376\377\000i\000n\000d\000e\000x\000.\000h\000t\000m\000l}{section.5}% 9
\BOOKMARK [3][-]{subsubsection.5.1.1}{\376\377\000B\000a\000r\000r\000a\000\040\000d\000e\000\040\000N\000a\000v\000e\000g\000a\000c\000i\000\363\000n}{subsection.5.1}% 10
\BOOKMARK [3][-]{subsubsection.5.1.2}{\376\377\000C\000a\000r\000o\000u\000s\000e\000l}{subsection.5.1}% 11
\BOOKMARK [3][-]{subsubsection.5.1.3}{\376\377\000S\000e\000c\000c\000i\000\363\000n\000\040\000i\000n\000t\000r\000o\000d\000u\000c\000t\000o\000r\000i\000a}{subsection.5.1}% 12
\BOOKMARK [3][-]{subsubsection.5.1.4}{\376\377\000M\000a\000p\000a\000\040\000d\000e\000\040\000p\000u\000e\000r\000t\000o\000s}{subsection.5.1}% 13
\BOOKMARK [3][-]{subsubsection.5.1.5}{\376\377\000B\000a\000r\000r\000a\000\040\000d\000e\000\040\000f\000i\000l\000t\000r\000o\000s}{subsection.5.1}% 14
\BOOKMARK [3][-]{subsubsection.5.1.6}{\376\377\000C\000a\000r\000d\000s\000\040\000d\000e\000\040\000p\000u\000e\000r\000t\000o\000s}{subsection.5.1}% 15
\BOOKMARK [3][-]{subsubsection.5.1.7}{\376\377\000F\000o\000o\000t\000e\000r}{subsection.5.1}% 16
\BOOKMARK [2][-]{subsection.5.2}{\376\377\000p\000u\000e\000r\000t\000o\000.\000h\000t\000m\000l}{section.5}% 17
\BOOKMARK [3][-]{subsubsection.5.2.1}{\376\377\000N\000o\000m\000b\000r\000e\000\040\000d\000e\000l\000\040\000p\000u\000e\000r\000t\000o}{subsection.5.2}% 18
\BOOKMARK [3][-]{subsubsection.5.2.2}{\376\377\000D\000e\000s\000c\000r\000i\000p\000c\000i\000\363\000n\000\040\000y\000\040\000V\000i\000d\000e\000o}{subsection.5.2}% 19
\BOOKMARK [3][-]{subsubsection.5.2.3}{\376\377\000C\000a\000r\000a\000c\000t\000e\000r\000\355\000s\000t\000i\000c\000a\000s\000\040\000i\000\040\000T\000i\000e\000m\000p\000o}{subsection.5.2}% 20
\BOOKMARK [3][-]{subsubsection.5.2.4}{\376\377\000B\000o\000t\000o\000n\000e\000s\000\040\000d\000e\000\040\000F\000a\000v\000o\000r\000i\000t\000o\000s}{subsection.5.2}% 21
\BOOKMARK [3][-]{subsubsection.5.2.5}{\376\377\000G\000a\000l\000e\000r\000\355\000a\000\040\000d\000e\000\040\000I\000m\000a\000g\000e\000n\000e\000s}{subsection.5.2}% 22
\BOOKMARK [3][-]{subsubsection.5.2.6}{\376\377\000L\000u\000g\000a\000r\000e\000s\000\040\000d\000e\000\040\000i\000n\000t\000e\000r\000\351\000s\000\040\000c\000e\000r\000c\000a\000n\000o\000s}{subsection.5.2}% 23
\BOOKMARK [2][-]{subsection.5.3}{\376\377\000s\000o\000b\000r\000e\000N\000o\000s\000o\000t\000r\000o\000s\000.\000h\000t\000m\000l}{section.5}% 24
\BOOKMARK [1][-]{section.6}{\376\377\000F\000i\000c\000h\000e\000r\000o\000s\000\040\000J\000a\000v\000a\000S\000c\000r\000i\000p\000t}{}% 25
\BOOKMARK [2][-]{subsection.6.1}{\376\377\000m\000a\000i\000n\000.\000j\000s}{section.6}% 26
\BOOKMARK [2][-]{subsection.6.2}{\376\377\000p\000o\000r\000t\000.\000j\000s}{section.6}% 27
\BOOKMARK [2][-]{subsection.6.3}{\376\377\000w\000e\000a\000t\000h\000e\000r\000.\000j\000s}{section.6}% 28
\BOOKMARK [2][-]{subsection.6.4}{\376\377\000e\000m\000a\000i\000l\000.\000j\000s}{section.6}% 29
\BOOKMARK [1][-]{section.7}{\376\377\000A\000P\000I\000s\000\040\000u\000t\000i\000l\000i\000z\000a\000d\000a\000s}{}% 30
\BOOKMARK [2][-]{subsection.7.1}{\376\377\000G\000o\000o\000g\000l\000e\000\040\000M\000a\000p\000s}{section.7}% 31
\BOOKMARK [2][-]{subsection.7.2}{\376\377\000O\000p\000e\000n\000W\000e\000a\000t\000h\000e\000r\000A\000P\000I}{section.7}% 32
\BOOKMARK [2][-]{subsection.7.3}{\376\377\000E\000m\000a\000i\000l\000J\000S}{section.7}% 33
\BOOKMARK [2][-]{subsection.7.4}{\376\377\000W\000e\000b\000S\000t\000o\000r\000a\000g\000e}{section.7}% 34
\BOOKMARK [1][-]{section.8}{\376\377\000W\000e\000b\000\040\000S\000e\000m\000\340\000n\000t\000i\000c\000a}{}% 35
\BOOKMARK [1][-]{section.9}{\376\377\000I\000n\000c\000l\000u\000s\000i\000\363\000n\000\040\000d\000e\000\040\000m\000e\000d\000i\000a\000:\000\040\000S\000V\000G\000\040\000y\000\040\000v\000i\000d\000e\000o\000\040\000p\000r\000o\000p\000i\000o\000s}{}% 36
\BOOKMARK [1][-]{section.10}{\376\377\000E\000v\000a\000l\000u\000a\000c\000i\000\363\000n\000\040\000d\000e\000\040\000l\000a\000\040\000W\000e\000b\000-\000A\000p\000p}{}% 37
\BOOKMARK [2][-]{subsection.10.1}{\376\377\000n\000i\000b\000b\000l\000e\000r\000.\000i\000n\000s\000i\000t\000e\000s\000.\000c\000o\000m}{section.10}% 38
\BOOKMARK [3][-]{subsubsection.10.1.1}{\376\377\000A\000c\000c\000e\000s\000i\000b\000i\000l\000i\000d\000a\000d}{subsection.10.1}% 39
\BOOKMARK [3][-]{subsubsection.10.1.2}{\376\377\000E\000x\000p\000e\000r\000i\000e\000n\000c\000i\000a}{subsection.10.1}% 40
\BOOKMARK [3][-]{subsubsection.10.1.3}{\376\377\000M\000a\000r\000k\000e\000t\000i\000n\000g}{subsection.10.1}% 41
\BOOKMARK [3][-]{subsubsection.10.1.4}{\376\377\000T\000e\000c\000n\000o\000l\000o\000g\000\355\000a}{subsection.10.1}% 42
\BOOKMARK [2][-]{subsection.10.2}{\376\377\000p\000a\000g\000e\000s\000p\000e\000e\000d\000.\000w\000e\000b\000.\000d\000e\000v}{section.10}% 43
\BOOKMARK [2][-]{subsection.10.3}{\376\377\000v\000a\000l\000i\000d\000a\000t\000o\000r\000.\000s\000c\000h\000e\000m\000a\000.\000o\000r\000g}{section.10}% 44
\BOOKMARK [1][-]{section.11}{\376\377\000A\000u\000t\000o\000e\000v\000a\000l\000u\000a\000c\000i\000\363\000n}{}% 45
\BOOKMARK [1][-]{section.12}{\376\377\000C\000o\000n\000c\000l\000u\000s\000i\000o\000n\000e\000s}{}% 46
